[debug] [2023-01-30T22:00:15.191Z] ----------------------------------------------------------------------
[debug] [2023-01-30T22:00:15.193Z] Command:       C:\Program Files\nodejs\node.exe C:\Program Files\nodejs\node_modules\firebase-tools\lib\bin\firebase.js init
[debug] [2023-01-30T22:00:15.194Z] CLI Version:   11.21.0
[debug] [2023-01-30T22:00:15.194Z] Platform:      win32
[debug] [2023-01-30T22:00:15.194Z] Node Version:  v18.12.1
[debug] [2023-01-30T22:00:15.195Z] Time:          Tue Jan 31 2023 03:30:15 GMT+0530 (India Standard Time)
[debug] [2023-01-30T22:00:15.195Z] ----------------------------------------------------------------------
[debug] 
[debug] [2023-01-30T22:00:15.199Z] >>> [apiv2][query] GET https://firebase-public.firebaseio.com/cli.json [none]
[debug] [2023-01-30T22:00:15.247Z] > command requires scopes: ["email","openid","https://www.googleapis.com/auth/cloudplatformprojects.readonly","https://www.googleapis.com/auth/firebase","https://www.googleapis.com/auth/cloud-platform"]
[debug] [2023-01-30T22:00:15.248Z] > authorizing via signed-in user (kingsuk.1997dhar2@gmail.com)
[info] 
     ######## #### ########  ######## ########     ###     ######  ########
     ##        ##  ##     ## ##       ##     ##  ##   ##  ##       ##
     ######    ##  ########  ######   ########  #########  ######  ######
     ##        ##  ##    ##  ##       ##     ## ##     ##       ## ##
     ##       #### ##     ## ######## ########  ##     ##  ######  ########

You're about to initialize a Firebase project in this directory:

  D:\Kingsuk\Tech\Own_Projects\authentication_2

[debug] [2023-01-30T22:00:15.891Z] <<< [apiv2][status] GET https://firebase-public.firebaseio.com/cli.json 200
[debug] [2023-01-30T22:00:15.892Z] <<< [apiv2][body] GET https://firebase-public.firebaseio.com/cli.json {"cloudBuildErrorAfter":1594252800000,"cloudBuildWarnAfter":1590019200000,"defaultNode10After":1594252800000,"minVersion":"3.0.5","node8DeploysDisabledAfter":1613390400000,"node8RuntimeDisabledAfter":1615809600000,"node8WarnAfter":1600128000000}
